<?xml version="1.0" encoding="UTF-8"?>
<testng-results skipped="0" failed="0" total="0" passed="0">
  <reporter-output>
  </reporter-output>
  <suite name="Selenium.Project.AppTest" duration-ms="0" started-at="2017-05-05T09:39:21Z" finished-at="2017-05-05T09:39:21Z">
    <groups>
    </groups>
    <test name="Command line test" duration-ms="0" started-at="2017-05-05T09:39:21Z" finished-at="2017-05-05T09:39:21Z">
    </test> <!-- Command line test -->
  </suite> <!-- Selenium.Project.AppTest -->
</testng-results>
