<?xml version="1.0" encoding="UTF-8"?>
<testng-results skipped="0" failed="0" ignored="0" total="2" passed="2">
  <reporter-output>
  </reporter-output>
  <suite name="Default suite" duration-ms="278442" started-at="2017-05-05T16:18:30Z" finished-at="2017-05-05T16:23:09Z">
    <groups>
    </groups>
    <test name="Default test" duration-ms="278442" started-at="2017-05-05T16:18:30Z" finished-at="2017-05-05T16:23:09Z">
      <class name="Selenium.Project.Scenario2">
        <test-method status="PASS" signature="setUp()[pri:1, instance:Selenium.Project.Scenario2@26653222]" name="setUp" duration-ms="111733" started-at="2017-05-05T16:18:30Z" finished-at="2017-05-05T16:20:22Z">
          <reporter-output>
          </reporter-output>
        </test-method> <!-- setUp -->
        <test-method status="PASS" signature="dresspage()[pri:2, instance:Selenium.Project.Scenario2@26653222]" name="dresspage" duration-ms="166651" started-at="2017-05-05T16:20:22Z" finished-at="2017-05-05T16:23:09Z">
          <reporter-output>
          </reporter-output>
        </test-method> <!-- dresspage -->
      </class> <!-- Selenium.Project.Scenario2 -->
    </test> <!-- Default test -->
  </suite> <!-- Default suite -->
</testng-results>
